[NbConvertApp] Converting notebook simulations_wide_pos.ipynb to notebook
Traceback (most recent call last):
  File "/global/homes/f/forrestc/.conda/envs/lenssim/bin/jupyter-nbconvert", line 10, in <module>
    sys.exit(main())
             ^^^^^^
  File "/global/homes/f/forrestc/.conda/envs/lenssim/lib/python3.11/site-packages/jupyter_core/application.py", line 284, in launch_instance
    super().launch_instance(argv=argv, **kwargs)
  File "/global/homes/f/forrestc/.conda/envs/lenssim/lib/python3.11/site-packages/traitlets/config/application.py", line 1075, in launch_instance
    app.start()
  File "/global/homes/f/forrestc/.conda/envs/lenssim/lib/python3.11/site-packages/nbconvert/nbconvertapp.py", line 420, in start
    self.convert_notebooks()
  File "/global/homes/f/forrestc/.conda/envs/lenssim/lib/python3.11/site-packages/nbconvert/nbconvertapp.py", line 597, in convert_notebooks
    self.convert_single_notebook(notebook_filename)
  File "/global/homes/f/forrestc/.conda/envs/lenssim/lib/python3.11/site-packages/nbconvert/nbconvertapp.py", line 563, in convert_single_notebook
    output, resources = self.export_single_notebook(
                        ^^^^^^^^^^^^^^^^^^^^^^^^^^^^
  File "/global/homes/f/forrestc/.conda/envs/lenssim/lib/python3.11/site-packages/nbconvert/nbconvertapp.py", line 487, in export_single_notebook
    output, resources = self.exporter.from_filename(
                        ^^^^^^^^^^^^^^^^^^^^^^^^^^^^
  File "/global/homes/f/forrestc/.conda/envs/lenssim/lib/python3.11/site-packages/nbconvert/exporters/exporter.py", line 201, in from_filename
    return self.from_file(f, resources=resources, **kw)
           ^^^^^^^^^^^^^^^^^^^^^^^^^^^^^^^^^^^^^^^^^^^^
  File "/global/homes/f/forrestc/.conda/envs/lenssim/lib/python3.11/site-packages/nbconvert/exporters/exporter.py", line 220, in from_file
    return self.from_notebook_node(
           ^^^^^^^^^^^^^^^^^^^^^^^^
  File "/global/homes/f/forrestc/.conda/envs/lenssim/lib/python3.11/site-packages/nbconvert/exporters/notebook.py", line 36, in from_notebook_node
    nb_copy, resources = super().from_notebook_node(nb, resources, **kw)
                         ^^^^^^^^^^^^^^^^^^^^^^^^^^^^^^^^^^^^^^^^^^^^^^^
  File "/global/homes/f/forrestc/.conda/envs/lenssim/lib/python3.11/site-packages/nbconvert/exporters/exporter.py", line 154, in from_notebook_node
    nb_copy, resources = self._preprocess(nb_copy, resources)
                         ^^^^^^^^^^^^^^^^^^^^^^^^^^^^^^^^^^^^
  File "/global/homes/f/forrestc/.conda/envs/lenssim/lib/python3.11/site-packages/nbconvert/exporters/exporter.py", line 353, in _preprocess
    nbc, resc = preprocessor(nbc, resc)
                ^^^^^^^^^^^^^^^^^^^^^^^
  File "/global/homes/f/forrestc/.conda/envs/lenssim/lib/python3.11/site-packages/nbconvert/preprocessors/base.py", line 48, in __call__
    return self.preprocess(nb, resources)
           ^^^^^^^^^^^^^^^^^^^^^^^^^^^^^^
  File "/global/homes/f/forrestc/.conda/envs/lenssim/lib/python3.11/site-packages/nbconvert/preprocessors/execute.py", line 103, in preprocess
    self.preprocess_cell(cell, resources, index)
  File "/global/homes/f/forrestc/.conda/envs/lenssim/lib/python3.11/site-packages/nbconvert/preprocessors/execute.py", line 124, in preprocess_cell
    cell = self.execute_cell(cell, index, store_history=True)
           ^^^^^^^^^^^^^^^^^^^^^^^^^^^^^^^^^^^^^^^^^^^^^^^^^^
  File "/global/homes/f/forrestc/.conda/envs/lenssim/lib/python3.11/site-packages/jupyter_core/utils/__init__.py", line 165, in wrapped
    return loop.run_until_complete(inner)
           ^^^^^^^^^^^^^^^^^^^^^^^^^^^^^^
  File "/global/homes/f/forrestc/.conda/envs/lenssim/lib/python3.11/asyncio/base_events.py", line 654, in run_until_complete
    return future.result()
           ^^^^^^^^^^^^^^^
  File "/global/homes/f/forrestc/.conda/envs/lenssim/lib/python3.11/site-packages/nbclient/client.py", line 1062, in async_execute_cell
    await self._check_raise_for_error(cell, cell_index, exec_reply)
  File "/global/homes/f/forrestc/.conda/envs/lenssim/lib/python3.11/site-packages/nbclient/client.py", line 918, in _check_raise_for_error
    raise CellExecutionError.from_cell_and_msg(cell, exec_reply_content)
nbclient.exceptions.CellExecutionError: An error occurred while executing the following cell:
------------------
#Loads CosmoDC2 catalog
import GCRCatalogs
cat = GCRCatalogs.load_catalog("desc_cosmodc2")
keys = ['redshift', 'halo_mass', 'stellar_mass', 'size_true', 'ellipticity_1_true', 'ellipticity_2_true', 'is_central']
dc2 = cat.get_quantities(keys)

#size limits to help with speed and theta_E distributions
if size=='.5-1.5':
    inds = dc2['is_central']*(dc2['halo_mass']>1e13)
elif size=='.15-.5':
    inds = dc2['is_central']*(dc2['halo_mass']>5e12)*(dc2['halo_mass']<5e13)
elif size=='.02-.15':
    inds = dc2['is_central']*(dc2['halo_mass']>1e10)*(dc2['halo_mass']<5e12)

ms = cat.get_quantities('stellar_mass')['stellar_mass']
for key in keys:
    dc2[key] = dc2[key][inds]
zinds = np.arange(len(dc2['redshift']))
np.random.shuffle(zinds)

zs_dc2 = dc2['redshift']

#Masses created using lens_forecast.ipynb
ms_dict = np.load(home+'zahid_ms.npz')
#Decreases mass range for .15-.5
if size==".15-.5":
    size=".05-.5"
sizes = np.array(ms_dict.files)
low, up = np.array([float(_) for _ in size.split('-')])
sizes_f = [float(_) for _ in sizes]
sizes = sizes[(sizes_f>=low)*(sizes_f<up)]
if size==".05-.5":
    size=".15-.5"
------------------


[31m---------------------------------------------------------------------------[39m
[31mValueError[39m                                Traceback (most recent call last)
[36mCell[39m[36m [39m[32mIn[3][39m[32m, line 3[39m
[32m      1[39m [38;5;66;03m#Loads CosmoDC2 catalog[39;00m
[32m      2[39m [38;5;28;01mimport[39;00m[38;5;250m [39m[34;01mGCRCatalogs[39;00m
[32m----> [39m[32m3[39m cat = [43mGCRCatalogs[49m[43m.[49m[43mload_catalog[49m[43m([49m[33;43m"[39;49m[33;43mdesc_cosmodc2[39;49m[33;43m"[39;49m[43m)[49m
[32m      4[39m keys = [[33m'[39m[33mredshift[39m[33m'[39m, [33m'[39m[33mhalo_mass[39m[33m'[39m, [33m'[39m[33mstellar_mass[39m[33m'[39m, [33m'[39m[33msize_true[39m[33m'[39m, [33m'[39m[33mellipticity_1_true[39m[33m'[39m, [33m'[39m[33mellipticity_2_true[39m[33m'[39m, [33m'[39m[33mis_central[39m[33m'[39m]
[32m      5[39m dc2 = cat.get_quantities(keys)

[36mFile [39m[32m~/.conda/envs/lenssim/lib/python3.11/site-packages/GCRCatalogs/register.py:379[39m, in [36mload_catalog[39m[34m(catalog_name, config_overwrite)[39m
[32m    363[39m [38;5;250m[39m[33;03m"""[39;00m
[32m    364[39m [33;03mLoad a catalog as specified in the yaml file named *catalog_name*,[39;00m
[32m    365[39m [33;03mwith any *config_overwrite* options overwrite the default.[39;00m
[32m   (...)[39m[32m    376[39m [33;03mcatalog : instance of a subclass of BaseGenericCatalog[39;00m
[32m    377[39m [33;03m"""[39;00m
[32m    378[39m check_for_reg()
[32m--> [39m[32m379[39m [38;5;28;01mreturn[39;00m [43mConfigSource[49m[43m.[49m[43mconfig_source[49m[43m[[49m[43mcatalog_name[49m[43m][49m[43m.[49m[43mload_catalog[49m[43m([49m[43mconfig_overwrite[49m[43m)[49m

[36mFile [39m[32m~/.conda/envs/lenssim/lib/python3.11/site-packages/GCRCatalogs/base_config.py:146[39m, in [36mBaseConfig.load_catalog[39m[34m(self, config_overwrite)[39m
[32m    144[39m [38;5;28;01melse[39;00m:
[32m    145[39m     config_dict = [38;5;28mself[39m._resolved_content
[32m--> [39m[32m146[39m [38;5;28;01mreturn[39;00m [43mload_catalog_from_config_dict[49m[43m([49m[43mconfig_dict[49m[43m)[49m

[36mFile [39m[32m~/.conda/envs/lenssim/lib/python3.11/site-packages/GCRCatalogs/base_config.py:324[39m, in [36mload_catalog_from_config_dict[39m[34m(catalog_config)[39m
[32m    320[39m [38;5;28;01mdef[39;00m[38;5;250m [39m[34mload_catalog_from_config_dict[39m(catalog_config):
[32m    321[39m [38;5;250m    [39m[33;03m"""[39;00m
[32m    322[39m [33;03m    Loads and returns the catalog specified in *catalog_config*.[39;00m
[32m    323[39m [33;03m    """[39;00m
[32m--> [39m[32m324[39m     [38;5;28;01mreturn[39;00m [43mimport_subclass[49m[43m([49m
[32m    325[39m [43m        [49m[43mcatalog_config[49m[43m[[49m[43mBaseConfig[49m[43m.[49m[43mREADER_KEY[49m[43m][49m[43m,[49m[43m [49m[43m__package__[49m[43m,[49m[43m [49m[43mBaseGenericCatalog[49m
[32m    326[39m [43m    [49m[43m)[49m[43m([49m[43m*[49m[43m*[49m[43mcatalog_config[49m[43m)[49m

[36mFile [39m[32m~/.conda/envs/lenssim/lib/python3.11/site-packages/GCR/base.py:28[39m, in [36mBaseGenericCatalog.__init__[39m[34m(self, **kwargs)[39m
[32m     26[39m [38;5;28;01mdef[39;00m[38;5;250m [39m[34m__init__[39m([38;5;28mself[39m, **kwargs):
[32m     27[39m     [38;5;28mself[39m._init_kwargs = kwargs.copy()
[32m---> [39m[32m28[39m     [38;5;28;43mself[39;49m[43m.[49m[43m_subclass_init[49m[43m([49m[43m*[49m[43m*[49m[43mkwargs[49m[43m)[49m
[32m     29[39m     [38;5;28mself[39m._native_quantities = [38;5;28mset[39m([38;5;28mself[39m._generate_native_quantity_list())
[32m     31[39m     [38;5;66;03m# enforce the existence of required attributes[39;00m

[36mFile [39m[32m~/.conda/envs/lenssim/lib/python3.11/site-packages/GCRCatalogs/cosmodc2.py:128[39m, in [36mCosmoDC2ParentClass._subclass_init[39m[34m(self, catalog_root_dir, catalog_filename_template, **kwargs)[39m
[32m    125[39m [38;5;28;01mdef[39;00m[38;5;250m [39m[34m_subclass_init[39m([38;5;28mself[39m, catalog_root_dir, catalog_filename_template, **kwargs):
[32m    126[39m     [38;5;66;03m# pylint: disable=W0221[39;00m
[32m    127[39m     [38;5;28;01mif[39;00m [38;5;129;01mnot[39;00m os.path.isdir(catalog_root_dir):
[32m--> [39m[32m128[39m         [38;5;28;01mraise[39;00m [38;5;167;01mValueError[39;00m([33m'[39m[33mCatalog directory [39m[38;5;132;01m{}[39;00m[33m does not exist[39m[33m'[39m.format(catalog_root_dir))
[32m    130[39m     [38;5;28mself[39m.lightcone = kwargs.get([33m'[39m[33mlightcone[39m[33m'[39m, [38;5;28;01mTrue[39;00m)
[32m    132[39m     get_file_list = [38;5;28mself[39m._get_healpix_file_list [38;5;28;01mif[39;00m [38;5;28mself[39m.lightcone [38;5;28;01melse[39;00m [38;5;28mself[39m._get_snapshot_file_list

[31mValueError[39m: Catalog directory /global/cfs/projectdirs/deepsrch/jwst_sims/data/lsstdesc-public/dc2/cosmoDC2_v1.1.4 does not exist

